GROUP,PACKAGE,CLASS,INSTRUCTION_MISSED,INSTRUCTION_COVERED,BRANCH_MISSED,BRANCH_COVERED,LINE_MISSED,LINE_COVERED,COMPLEXITY_MISSED,COMPLEXITY_COVERED,METHOD_MISSED,METHOD_COVERED
TPAnual,grupo4,Servicio,0,84,1,7,0,16,1,8,0,5
TPAnual,grupo4,Poi,3,58,0,4,1,17,1,13,1,11
TPAnual,grupo4,DispositivoTactil,0,103,0,0,0,17,0,14,0,14
TPAnual,grupo4,Horario,0,45,1,3,0,5,1,3,0,2
TPAnual,grupo4,LocalComercial,4,132,7,11,0,21,7,8,0,6
TPAnual,grupo4,Parada,0,23,0,2,0,6,0,5,0,4
TPAnual,grupo4,Banco,0,64,1,5,0,11,1,5,0,3
TPAnual,grupo4,Rubro,9,93,0,0,0,13,2,4,2,4
TPAnual,grupo4,CGP,0,78,0,4,0,12,0,12,0,10
